
Warning: This is a simple server for use in testing or debugging Angular applications
locally. It hasn't been reviewed for security issues.

Binding this server to an open connection can result in compromising your application or
computer. Using a different host than the one passed to the "--host" flag might result in
websocket connection issues.
    
❯ Building...
✔ Building...
Initial chunk files | Names         | Raw size
main.js             | main          | 47.74 kB | 
polyfills.js        | polyfills     | 95 bytes | 
styles.css          | styles        | 95 bytes | 

                    | Initial total | 47.93 kB

Application bundle generation complete. [3.651 seconds]

Watch mode enabled. Watching for file changes...
NOTE: Raw file sizes do not reflect development server per-request transformations.
  ➜  Local:   http://localhost:4200/
  ➜  Network: http://10.88.0.3:4200/
❯ Changes detected. Rebuilding...
✔ Changes detected. Rebuilding...
Application bundle generation failed. [1.220 seconds]

[31m✘ [41;31m[[41;97mERROR[41;31m][0m [1mCould not resolve "./busqueda"[0m

    src/app/app.routes.ts:1:25:
[37m      1 │ import { Busqueda } from [32m'./busqueda'[37m;
        ╵                          [32m~~~~~~~~~~~~[0m


[31m✘ [41;31m[[41;97mERROR[41;31m][0m [1mTS2307: Cannot find module './busqueda' or its corresponding type declarations.[0m [1m[35m[plugin angular-compiler][0m

    src/app/app.routes.ts:2:24:
[37m      2 │ import { Busqueda} from [32m'./busqueda'[37m;
        ╵                         [32m~~~~~~~~~~~~[0m


